[19-Oct-2025 04:48:42 UTC] PHP Warning:  filemtime(): stat failed for /home/ayushsahu/Local Sites/volt-theme/app/public/wp-content/themes/volt-theme/assets/js/store-slider.js in /home/ayushsahu/Local Sites/volt-theme/app/public/wp-content/themes/volt-theme/functions.php on line 41
[19-Oct-2025 04:48:42 UTC] PHP Warning:  filemtime(): stat failed for /home/ayushsahu/Local Sites/volt-theme/app/public/wp-content/themes/volt-theme/assets/js/store-slider.js in /home/ayushsahu/Local Sites/volt-theme/app/public/wp-content/themes/volt-theme/functions.php on line 41
[19-Oct-2025 05:18:05 UTC] PHP Fatal error:  Uncaught TypeError: ltrim(): Argument #1 ($string) must be of type string, array given in /home/ayushsahu/Local Sites/volt-theme/app/public/wp-includes/formatting.php:4486
Stack trace:
#0 /home/ayushsahu/Local Sites/volt-theme/app/public/wp-includes/formatting.php(4486): ltrim(Array)
#1 /home/ayushsahu/Local Sites/volt-theme/app/public/wp-content/themes/volt-theme/page-contact-us.php(1009): esc_url(Array)
#2 /home/ayushsahu/Local Sites/volt-theme/app/public/wp-includes/template-loader.php(106): include('/home/ayushsahu...')
#3 /home/ayushsahu/Local Sites/volt-theme/app/public/wp-blog-header.php(19): require_once('/home/ayushsahu...')
#4 /home/ayushsahu/Local Sites/volt-theme/app/public/index.php(17): require('/home/ayushsahu...')
#5 {main}
  thrown in /home/ayushsahu/Local Sites/volt-theme/app/public/wp-includes/formatting.php on line 4486
[19-Oct-2025 05:19:02 UTC] PHP Fatal error:  Uncaught TypeError: ltrim(): Argument #1 ($string) must be of type string, array given in /home/ayushsahu/Local Sites/volt-theme/app/public/wp-includes/formatting.php:4486
Stack trace:
#0 /home/ayushsahu/Local Sites/volt-theme/app/public/wp-includes/formatting.php(4486): ltrim(Array)
#1 /home/ayushsahu/Local Sites/volt-theme/app/public/wp-content/themes/volt-theme/page-contact-us.php(1017): esc_url(Array)
#2 /home/ayushsahu/Local Sites/volt-theme/app/public/wp-includes/template-loader.php(106): include('/home/ayushsahu...')
#3 /home/ayushsahu/Local Sites/volt-theme/app/public/wp-blog-header.php(19): require_once('/home/ayushsahu...')
#4 /home/ayushsahu/Local Sites/volt-theme/app/public/index.php(17): require('/home/ayushsahu...')
#5 {main}
  thrown in /home/ayushsahu/Local Sites/volt-theme/app/public/wp-includes/formatting.php on line 4486
[19-Oct-2025 05:19:07 UTC] PHP Fatal error:  Uncaught TypeError: ltrim(): Argument #1 ($string) must be of type string, array given in /home/ayushsahu/Local Sites/volt-theme/app/public/wp-includes/formatting.php:4486
Stack trace:
#0 /home/ayushsahu/Local Sites/volt-theme/app/public/wp-includes/formatting.php(4486): ltrim(Array)
#1 /home/ayushsahu/Local Sites/volt-theme/app/public/wp-content/themes/volt-theme/page-contact-us.php(1017): esc_url(Array)
#2 /home/ayushsahu/Local Sites/volt-theme/app/public/wp-includes/template-loader.php(106): include('/home/ayushsahu...')
#3 /home/ayushsahu/Local Sites/volt-theme/app/public/wp-blog-header.php(19): require_once('/home/ayushsahu...')
#4 /home/ayushsahu/Local Sites/volt-theme/app/public/index.php(17): require('/home/ayushsahu...')
#5 {main}
  thrown in /home/ayushsahu/Local Sites/volt-theme/app/public/wp-includes/formatting.php on line 4486
[19-Oct-2025 05:19:14 UTC] PHP Fatal error:  Uncaught TypeError: ltrim(): Argument #1 ($string) must be of type string, array given in /home/ayushsahu/Local Sites/volt-theme/app/public/wp-includes/formatting.php:4486
Stack trace:
#0 /home/ayushsahu/Local Sites/volt-theme/app/public/wp-includes/formatting.php(4486): ltrim(Array)
#1 /home/ayushsahu/Local Sites/volt-theme/app/public/wp-content/themes/volt-theme/page-contact-us.php(1017): esc_url(Array)
#2 /home/ayushsahu/Local Sites/volt-theme/app/public/wp-includes/template-loader.php(106): include('/home/ayushsahu...')
#3 /home/ayushsahu/Local Sites/volt-theme/app/public/wp-blog-header.php(19): require_once('/home/ayushsahu...')
#4 /home/ayushsahu/Local Sites/volt-theme/app/public/index.php(17): require('/home/ayushsahu...')
#5 {main}
  thrown in /home/ayushsahu/Local Sites/volt-theme/app/public/wp-includes/formatting.php on line 4486
[19-Oct-2025 05:19:51 UTC] PHP Fatal error:  Uncaught TypeError: ltrim(): Argument #1 ($string) must be of type string, array given in /home/ayushsahu/Local Sites/volt-theme/app/public/wp-includes/formatting.php:4486
Stack trace:
#0 /home/ayushsahu/Local Sites/volt-theme/app/public/wp-includes/formatting.php(4486): ltrim(Array)
#1 /home/ayushsahu/Local Sites/volt-theme/app/public/wp-content/themes/volt-theme/page-contact-us.php(1017): esc_url(Array)
#2 /home/ayushsahu/Local Sites/volt-theme/app/public/wp-includes/template-loader.php(106): include('/home/ayushsahu...')
#3 /home/ayushsahu/Local Sites/volt-theme/app/public/wp-blog-header.php(19): require_once('/home/ayushsahu...')
#4 /home/ayushsahu/Local Sites/volt-theme/app/public/index.php(17): require('/home/ayushsahu...')
#5 {main}
  thrown in /home/ayushsahu/Local Sites/volt-theme/app/public/wp-includes/formatting.php on line 4486
