[01-Nov-2025 06:05:01 UTC] Automatic updates starting...
[01-Nov-2025 06:05:02 UTC]   Automatic plugin updates starting...
[01-Nov-2025 06:05:02 UTC]   Automatic plugin updates complete.
[01-Nov-2025 06:05:03 UTC] Automatic updates complete.
[01-Nov-2025 06:23:57 UTC] PHP Warning:  plugins_api(): An unexpected error occurred. Something may be wrong with WordPress.org or this server&#8217;s configuration. If you continue to have problems, please try the <a href="https://wordpress.org/support/forums/">support forums</a>. (WordPress could not establish a secure connection to WordPress.org. Please contact your server administrator.) in C:\xampp\htdocs\volt\app\public\wp-includes\functions.php on line 6121
[01-Nov-2025 06:30:03 UTC] PHP Warning:  Undefined array key "payload" in C:\xampp\htdocs\volt\app\public\wp-content\plugins\elementor\modules\ai\module.php on line 617
[01-Nov-2025 08:00:24 UTC] PHP Warning:  Undefined array key "widgetType" in C:\xampp\htdocs\volt\app\public\wp-content\plugins\elementor\includes\managers\elements.php on line 73
[01-Nov-2025 08:00:24 UTC] PHP Fatal error:  Uncaught Error: Call to a member function get_default_args() on array in C:\xampp\htdocs\volt\app\public\wp-content\plugins\elementor\includes\managers\elements.php:83
Stack trace:
#0 C:\xampp\htdocs\volt\app\public\wp-content\plugins\elementor\includes\db.php(200): Elementor\Elements_Manager->create_element_instance(Array)
#1 C:\xampp\htdocs\volt\app\public\wp-content\plugins\elementor\includes\db.php(209): Elementor\DB->render_element_plain_content(Array)
#2 C:\xampp\htdocs\volt\app\public\wp-content\plugins\elementor\includes\db.php(590): Elementor\DB->render_element_plain_content(Array)
#3 C:\xampp\htdocs\volt\app\public\wp-content\plugins\elementor\includes\db.php(571): Elementor\DB->get_plain_text_from_data(Array)
#4 C:\xampp\htdocs\volt\app\public\wp-content\plugins\elementor\includes\db.php(231): Elementor\DB->get_plain_text(120)
#5 C:\xampp\htdocs\volt\app\public\wp-content\plugins\elementor\core\base\document.php(1366): Elementor\DB->save_plain_text(120)
#6 C:\xampp\htdocs\volt\app\public\wp-content\plugins\elementor\core\base\document.php(856): Elementor\Core\Base\Document->save_elements(Array)
#7 C:\xampp\htdocs\volt\app\public\wp-content\plugins\elementor\includes\template-library\sources\local.php(537): Elementor\Core\Base\Document->save(Array)
#8 C:\xampp\htdocs\volt\app\public\wp-content\plugins\elementor\includes\template-library\sources\local.php(1480): Elementor\TemplateLibrary\Source_Local->save_item(Array)
#9 C:\xampp\htdocs\volt\app\public\wp-content\plugins\elementor\includes\template-library\sources\local.php(958): Elementor\TemplateLibrary\Source_Local->import_single_template('C:\\xampp\\tmp\\ph...')
#10 C:\xampp\htdocs\volt\app\public\wp-content\plugins\elementor\includes\template-library\manager.php(650): Elementor\TemplateLibrary\Source_Local->import_template('our-products-sl...', 'C:\\xampp\\tmp\\ph...')
#11 C:\xampp\htdocs\volt\app\public\wp-content\plugins\elementor\includes\template-library\manager.php(1034): Elementor\TemplateLibrary\Manager->direct_import_template(Array)
#12 C:\xampp\htdocs\volt\app\public\wp-includes\class-wp-hook.php(324): Elementor\TemplateLibrary\Manager->handle_direct_actions('')
#13 C:\xampp\htdocs\volt\app\public\wp-includes\class-wp-hook.php(348): WP_Hook->apply_filters('', Array)
#14 C:\xampp\htdocs\volt\app\public\wp-includes\plugin.php(517): WP_Hook->do_action(Array)
#15 C:\xampp\htdocs\volt\app\public\wp-admin\admin-ajax.php(192): do_action('wp_ajax_element...')
#16 {main}
  thrown in C:\xampp\htdocs\volt\app\public\wp-content\plugins\elementor\includes\managers\elements.php on line 83
[01-Nov-2025 08:19:13 UTC] PHP Warning:  Undefined array key "editor_post_id" in C:\xampp\htdocs\volt\app\public\wp-content\plugins\elementor\modules\history\revisions-manager.php on line 363
[01-Nov-2025 08:22:07 UTC] PHP Warning:  Undefined array key "editor_post_id" in C:\xampp\htdocs\volt\app\public\wp-content\plugins\elementor\modules\history\revisions-manager.php on line 363
[01-Nov-2025 09:44:53 UTC] PHP Warning:  Undefined array key "widgetType" in C:\xampp\htdocs\volt\app\public\wp-content\plugins\elementor\includes\managers\elements.php on line 73
[01-Nov-2025 09:44:53 UTC] PHP Fatal error:  Uncaught Error: Call to a member function get_default_args() on array in C:\xampp\htdocs\volt\app\public\wp-content\plugins\elementor\includes\managers\elements.php:83
Stack trace:
#0 C:\xampp\htdocs\volt\app\public\wp-content\plugins\elementor\core\base\document.php(384): Elementor\Elements_Manager->create_element_instance(Array)
#1 C:\xampp\htdocs\volt\app\public\wp-content\plugins\elementor\includes\managers\widgets.php(475): Elementor\Core\Base\Document->render_element(Array)
#2 [internal function]: Elementor\Widgets_Manager->ajax_render_widget(Array, Object(Elementor\Core\Common\Modules\Ajax\Module))
#3 C:\xampp\htdocs\volt\app\public\wp-content\plugins\elementor\core\common\modules\ajax\module.php(176): call_user_func(Array, Array, Object(Elementor\Core\Common\Modules\Ajax\Module))
#4 C:\xampp\htdocs\volt\app\public\wp-includes\class-wp-hook.php(324): Elementor\Core\Common\Modules\Ajax\Module->handle_ajax_request('')
#5 C:\xampp\htdocs\volt\app\public\wp-includes\class-wp-hook.php(348): WP_Hook->apply_filters('', Array)
#6 C:\xampp\htdocs\volt\app\public\wp-includes\plugin.php(517): WP_Hook->do_action(Array)
#7 C:\xampp\htdocs\volt\app\public\wp-admin\admin-ajax.php(192): do_action('wp_ajax_element...')
#8 {main}
  thrown in C:\xampp\htdocs\volt\app\public\wp-content\plugins\elementor\includes\managers\elements.php on line 83
[01-Nov-2025 09:45:24 UTC] PHP Warning:  Undefined array key "widgetType" in C:\xampp\htdocs\volt\app\public\wp-content\plugins\elementor\includes\managers\elements.php on line 73
[01-Nov-2025 09:45:24 UTC] PHP Fatal error:  Uncaught Error: Call to a member function get_default_args() on array in C:\xampp\htdocs\volt\app\public\wp-content\plugins\elementor\includes\managers\elements.php:83
Stack trace:
#0 C:\xampp\htdocs\volt\app\public\wp-content\plugins\elementor\core\base\document.php(1626): Elementor\Elements_Manager->create_element_instance(Array)
#1 [internal function]: Elementor\Core\Base\Document->Elementor\Core\Base\{closure}(Array, Array)
#2 C:\xampp\htdocs\volt\app\public\wp-content\plugins\elementor\includes\db.php(265): call_user_func(Object(Closure), Array, Array)
#3 C:\xampp\htdocs\volt\app\public\wp-content\plugins\elementor\includes\db.php(269): Elementor\DB->iterate_data(Array, Object(Closure), Array)
#4 C:\xampp\htdocs\volt\app\public\wp-content\plugins\elementor\includes\db.php(262): Elementor\DB->iterate_data(Array, Object(Closure), Array)
#5 C:\xampp\htdocs\volt\app\public\wp-content\plugins\elementor\includes\db.php(269): Elementor\DB->iterate_data(Array, Object(Closure), Array)
#6 C:\xampp\htdocs\volt\app\public\wp-content\plugins\elementor\core\base\document.php(1621): Elementor\DB->iterate_data(Array, Object(Closure))
#7 C:\xampp\htdocs\volt\app\public\wp-content\plugins\elementor\includes\template-library\sources\local.php(1509): Elementor\Core\Base\Document->get_export_data()
#8 C:\xampp\htdocs\volt\app\public\wp-content\plugins\elementor\includes\template-library\sources\local.php(801): Elementor\TemplateLibrary\Source_Local->prepare_template_export('120')
#9 C:\xampp\htdocs\volt\app\public\wp-content\plugins\elementor\includes\template-library\manager.php(639): Elementor\TemplateLibrary\Source_Local->export_template('120')
#10 C:\xampp\htdocs\volt\app\public\wp-content\plugins\elementor\includes\template-library\manager.php(1034): Elementor\TemplateLibrary\Manager->export_template(Array)
#11 C:\xampp\htdocs\volt\app\public\wp-includes\class-wp-hook.php(324): Elementor\TemplateLibrary\Manager->handle_direct_actions('')
#12 C:\xampp\htdocs\volt\app\public\wp-includes\class-wp-hook.php(348): WP_Hook->apply_filters('', Array)
#13 C:\xampp\htdocs\volt\app\public\wp-includes\plugin.php(517): WP_Hook->do_action(Array)
#14 C:\xampp\htdocs\volt\app\public\wp-admin\admin-ajax.php(192): do_action('wp_ajax_element...')
#15 {main}
  thrown in C:\xampp\htdocs\volt\app\public\wp-content\plugins\elementor\includes\managers\elements.php on line 83
[01-Nov-2025 09:58:17 UTC] PHP Warning:  Trying to access array offset on value of type bool in C:\xampp\htdocs\volt\app\public\wp-content\plugins\elementor\includes\managers\image.php on line 113
[01-Nov-2025 09:58:17 UTC] PHP Warning:  Trying to access array offset on value of type bool in C:\xampp\htdocs\volt\app\public\wp-content\plugins\elementor\includes\managers\image.php on line 113
[01-Nov-2025 09:58:17 UTC] PHP Warning:  Trying to access array offset on value of type bool in C:\xampp\htdocs\volt\app\public\wp-content\plugins\elementor\includes\managers\image.php on line 113
[01-Nov-2025 09:58:17 UTC] PHP Warning:  Trying to access array offset on value of type bool in C:\xampp\htdocs\volt\app\public\wp-content\plugins\elementor\includes\managers\image.php on line 113
[01-Nov-2025 09:58:17 UTC] PHP Warning:  Trying to access array offset on value of type bool in C:\xampp\htdocs\volt\app\public\wp-content\plugins\elementor\includes\managers\image.php on line 113
[01-Nov-2025 09:58:17 UTC] PHP Warning:  Trying to access array offset on value of type bool in C:\xampp\htdocs\volt\app\public\wp-content\plugins\elementor\includes\managers\image.php on line 113
[01-Nov-2025 09:58:17 UTC] PHP Warning:  Trying to access array offset on value of type bool in C:\xampp\htdocs\volt\app\public\wp-content\plugins\elementor\includes\managers\image.php on line 113
[01-Nov-2025 09:58:17 UTC] PHP Warning:  Trying to access array offset on value of type bool in C:\xampp\htdocs\volt\app\public\wp-content\plugins\elementor\includes\managers\image.php on line 113
[02-Nov-2025 08:05:13 UTC] Automatic updates starting...
[02-Nov-2025 08:05:15 UTC]   Automatic plugin updates starting...
[02-Nov-2025 08:05:15 UTC]   Automatic plugin updates complete.
[02-Nov-2025 08:05:16 UTC] Automatic updates complete.
[02-Nov-2025 09:40:26 UTC] PHP Warning:  Undefined array key "label" in C:\xampp\htdocs\volt\app\public\wp-content\plugins\elementor\modules\ai\connect\ai.php on line 765
[02-Nov-2025 09:40:26 UTC] PHP Warning:  Undefined array key "mega-menu" in C:\xampp\htdocs\volt\app\public\wp-content\plugins\elementor\modules\ai\connect\ai.php on line 794
[02-Nov-2025 09:40:26 UTC] PHP Warning:  Undefined array key "label" in C:\xampp\htdocs\volt\app\public\wp-content\plugins\elementor\modules\ai\connect\ai.php on line 765
[02-Nov-2025 09:40:26 UTC] PHP Warning:  Undefined array key "mega-menu" in C:\xampp\htdocs\volt\app\public\wp-content\plugins\elementor\modules\ai\connect\ai.php on line 794
[02-Nov-2025 09:40:26 UTC] PHP Warning:  Undefined array key "label" in C:\xampp\htdocs\volt\app\public\wp-content\plugins\elementor\modules\ai\connect\ai.php on line 765
[02-Nov-2025 09:40:26 UTC] PHP Warning:  Undefined array key "mega-menu" in C:\xampp\htdocs\volt\app\public\wp-content\plugins\elementor\modules\ai\connect\ai.php on line 794
[02-Nov-2025 09:41:17 UTC] PHP Warning:  Undefined array key "label" in C:\xampp\htdocs\volt\app\public\wp-content\plugins\elementor\modules\ai\connect\ai.php on line 765
[02-Nov-2025 09:41:17 UTC] PHP Warning:  Undefined array key "mega-menu" in C:\xampp\htdocs\volt\app\public\wp-content\plugins\elementor\modules\ai\connect\ai.php on line 794
[02-Nov-2025 09:41:17 UTC] PHP Warning:  Undefined array key "label" in C:\xampp\htdocs\volt\app\public\wp-content\plugins\elementor\modules\ai\connect\ai.php on line 765
[02-Nov-2025 09:41:17 UTC] PHP Warning:  Undefined array key "mega-menu" in C:\xampp\htdocs\volt\app\public\wp-content\plugins\elementor\modules\ai\connect\ai.php on line 794
[02-Nov-2025 09:41:17 UTC] PHP Warning:  Undefined array key "label" in C:\xampp\htdocs\volt\app\public\wp-content\plugins\elementor\modules\ai\connect\ai.php on line 765
[02-Nov-2025 09:41:17 UTC] PHP Warning:  Undefined array key "mega-menu" in C:\xampp\htdocs\volt\app\public\wp-content\plugins\elementor\modules\ai\connect\ai.php on line 794
[03-Nov-2025 06:08:19 UTC] Automatic updates starting...
[03-Nov-2025 06:08:21 UTC]   Automatic plugin updates starting...
[03-Nov-2025 06:08:21 UTC]   Automatic plugin updates complete.
[03-Nov-2025 06:08:23 UTC] Automatic updates complete.
[03-Nov-2025 07:15:25 UTC] PHP Warning:  Attempt to read property "name" on array in C:\xampp\htdocs\volt\app\public\wp-content\themes\volt-elementor\page-recipe-details.php on line 48
[03-Nov-2025 07:15:25 UTC] PHP Warning:  Attempt to read property "name" on array in C:\xampp\htdocs\volt\app\public\wp-content\themes\volt-elementor\page-recipe-details.php on line 48
[03-Nov-2025 07:15:25 UTC] PHP Warning:  Attempt to read property "name" on array in C:\xampp\htdocs\volt\app\public\wp-content\themes\volt-elementor\page-recipe-details.php on line 86
[03-Nov-2025 07:15:25 UTC] PHP Warning:  Attempt to read property "name" on array in C:\xampp\htdocs\volt\app\public\wp-content\themes\volt-elementor\page-recipe-details.php on line 86
[03-Nov-2025 07:16:44 UTC] PHP Warning:  Attempt to read property "name" on array in C:\xampp\htdocs\volt\app\public\wp-content\themes\volt-elementor\page-recipe-details.php on line 48
[03-Nov-2025 07:16:44 UTC] PHP Warning:  Attempt to read property "name" on array in C:\xampp\htdocs\volt\app\public\wp-content\themes\volt-elementor\page-recipe-details.php on line 48
[03-Nov-2025 07:17:18 UTC] PHP Warning:  Attempt to read property "name" on array in C:\xampp\htdocs\volt\app\public\wp-content\themes\volt-elementor\page-recipe-details.php on line 48
[03-Nov-2025 07:17:18 UTC] PHP Warning:  Attempt to read property "name" on array in C:\xampp\htdocs\volt\app\public\wp-content\themes\volt-elementor\page-recipe-details.php on line 48
[03-Nov-2025 07:50:58 UTC] PHP Parse error:  syntax error, unexpected token "/", expecting end of file in C:\xampp\htdocs\volt\app\public\wp-content\themes\volt-elementor\functions.php on line 185
[03-Nov-2025 07:50:58 UTC] PHP Notice:  Function _load_textdomain_just_in_time was called <strong>incorrectly</strong>. Translation loading for the <code>Volt Elementor</code> domain was triggered too early. This is usually an indicator for some code in the plugin or theme running too early. Translations should be loaded at the <code>init</code> action or later. Please see <a href="https://developer.wordpress.org/advanced-administration/debug/debug-wordpress/">Debugging in WordPress</a> for more information. (This message was added in version 6.7.0.) in C:\xampp\htdocs\volt\app\public\wp-includes\functions.php on line 6121
[03-Nov-2025 07:50:59 UTC] PHP Warning:  Trying to access array offset on value of type bool in C:\xampp\htdocs\volt\app\public\wp-includes\class-wp-recovery-mode-email-service.php on line 367
[03-Nov-2025 07:50:59 UTC] PHP Warning:  Trying to access array offset on value of type bool in C:\xampp\htdocs\volt\app\public\wp-includes\class-wp-recovery-mode-email-service.php on line 368
[03-Nov-2025 07:50:59 UTC] PHP Parse error:  syntax error, unexpected token "/", expecting end of file in C:\xampp\htdocs\volt\app\public\wp-content\themes\volt-elementor\functions.php on line 185
[03-Nov-2025 07:50:59 UTC] PHP Parse error:  syntax error, unexpected token "/", expecting end of file in C:\xampp\htdocs\volt\app\public\wp-content\themes\volt-elementor\functions.php on line 185
[03-Nov-2025 08:08:07 UTC] PHP Warning:  foreach() argument must be of type array|object, string given in C:\xampp\htdocs\volt\app\public\wp-content\themes\volt-elementor\page-recipe-details.php on line 46
[03-Nov-2025 08:09:03 UTC] PHP Warning:  foreach() argument must be of type array|object, string given in C:\xampp\htdocs\volt\app\public\wp-content\themes\volt-elementor\page-recipe-details.php on line 46
[03-Nov-2025 09:10:22 UTC] PHP Warning:  foreach() argument must be of type array|object, string given in C:\xampp\htdocs\volt\app\public\wp-content\themes\volt-elementor\page-recipe-details.php on line 59
[03-Nov-2025 09:10:22 UTC] PHP Warning:  Undefined variable $description in C:\xampp\htdocs\volt\app\public\wp-content\themes\volt-elementor\page-recipe-details.php on line 69
[03-Nov-2025 09:10:22 UTC] PHP Warning:  Undefined variable $difficulty in C:\xampp\htdocs\volt\app\public\wp-content\themes\volt-elementor\page-recipe-details.php on line 84
[03-Nov-2025 09:13:24 UTC] PHP Warning:  foreach() argument must be of type array|object, string given in C:\xampp\htdocs\volt\app\public\wp-content\themes\volt-elementor\page-recipe-details.php on line 59
[03-Nov-2025 09:13:24 UTC] PHP Warning:  Undefined variable $description in C:\xampp\htdocs\volt\app\public\wp-content\themes\volt-elementor\page-recipe-details.php on line 69
[03-Nov-2025 09:13:24 UTC] PHP Warning:  Undefined variable $difficulty in C:\xampp\htdocs\volt\app\public\wp-content\themes\volt-elementor\page-recipe-details.php on line 84
[03-Nov-2025 09:15:35 UTC] PHP Warning:  Undefined variable $description in C:\xampp\htdocs\volt\app\public\wp-content\themes\volt-elementor\page-recipe-details.php on line 69
[03-Nov-2025 09:15:35 UTC] PHP Warning:  Undefined variable $difficulty in C:\xampp\htdocs\volt\app\public\wp-content\themes\volt-elementor\page-recipe-details.php on line 84
[03-Nov-2025 09:15:58 UTC] PHP Warning:  Undefined variable $description in C:\xampp\htdocs\volt\app\public\wp-content\themes\volt-elementor\page-recipe-details.php on line 68
[03-Nov-2025 09:15:58 UTC] PHP Warning:  Undefined variable $difficulty in C:\xampp\htdocs\volt\app\public\wp-content\themes\volt-elementor\page-recipe-details.php on line 83
[03-Nov-2025 09:16:25 UTC] PHP Warning:  Undefined variable $description in C:\xampp\htdocs\volt\app\public\wp-content\themes\volt-elementor\page-recipe-details.php on line 68
[03-Nov-2025 09:16:25 UTC] PHP Warning:  Undefined variable $difficulty in C:\xampp\htdocs\volt\app\public\wp-content\themes\volt-elementor\page-recipe-details.php on line 83
[03-Nov-2025 09:28:20 UTC] PHP Warning:  Array to string conversion in C:\xampp\htdocs\volt\app\public\wp-includes\formatting.php on line 1096
[03-Nov-2025 09:28:20 UTC] PHP Warning:  Array to string conversion in C:\xampp\htdocs\volt\app\public\wp-includes\formatting.php on line 1096
[03-Nov-2025 09:28:20 UTC] PHP Warning:  Array to string conversion in C:\xampp\htdocs\volt\app\public\wp-includes\formatting.php on line 1096
[03-Nov-2025 09:28:20 UTC] PHP Warning:  Array to string conversion in C:\xampp\htdocs\volt\app\public\wp-includes\formatting.php on line 1096
[03-Nov-2025 09:28:20 UTC] PHP Warning:  Array to string conversion in C:\xampp\htdocs\volt\app\public\wp-includes\formatting.php on line 1096
[03-Nov-2025 09:33:27 UTC] PHP Warning:  Array to string conversion in C:\xampp\htdocs\volt\app\public\wp-includes\formatting.php on line 1096
[03-Nov-2025 09:33:27 UTC] PHP Warning:  Array to string conversion in C:\xampp\htdocs\volt\app\public\wp-includes\formatting.php on line 1096
[03-Nov-2025 09:33:27 UTC] PHP Warning:  Array to string conversion in C:\xampp\htdocs\volt\app\public\wp-includes\formatting.php on line 1096
[03-Nov-2025 09:33:27 UTC] PHP Warning:  Array to string conversion in C:\xampp\htdocs\volt\app\public\wp-includes\formatting.php on line 1096
[03-Nov-2025 09:33:27 UTC] PHP Warning:  Array to string conversion in C:\xampp\htdocs\volt\app\public\wp-includes\formatting.php on line 1096
[03-Nov-2025 09:33:27 UTC] PHP Warning:  Array to string conversion in C:\xampp\htdocs\volt\app\public\wp-includes\formatting.php on line 1096
[03-Nov-2025 09:33:43 UTC] PHP Warning:  Array to string conversion in C:\xampp\htdocs\volt\app\public\wp-includes\formatting.php on line 1096
[03-Nov-2025 09:33:43 UTC] PHP Warning:  Array to string conversion in C:\xampp\htdocs\volt\app\public\wp-includes\formatting.php on line 1096
[03-Nov-2025 09:33:43 UTC] PHP Warning:  Array to string conversion in C:\xampp\htdocs\volt\app\public\wp-includes\formatting.php on line 1096
[03-Nov-2025 09:33:43 UTC] PHP Warning:  Array to string conversion in C:\xampp\htdocs\volt\app\public\wp-includes\formatting.php on line 1096
[03-Nov-2025 09:33:43 UTC] PHP Warning:  Array to string conversion in C:\xampp\htdocs\volt\app\public\wp-includes\formatting.php on line 1096
[03-Nov-2025 09:33:43 UTC] PHP Warning:  Array to string conversion in C:\xampp\htdocs\volt\app\public\wp-includes\formatting.php on line 1096
[03-Nov-2025 09:45:00 UTC] PHP Warning:  Array to string conversion in C:\xampp\htdocs\volt\app\public\wp-includes\formatting.php on line 1096
[03-Nov-2025 09:45:00 UTC] PHP Warning:  Array to string conversion in C:\xampp\htdocs\volt\app\public\wp-includes\formatting.php on line 1096
[03-Nov-2025 09:45:00 UTC] PHP Warning:  Array to string conversion in C:\xampp\htdocs\volt\app\public\wp-includes\formatting.php on line 1096
[03-Nov-2025 09:45:00 UTC] PHP Warning:  Array to string conversion in C:\xampp\htdocs\volt\app\public\wp-includes\formatting.php on line 1096
[03-Nov-2025 09:45:00 UTC] PHP Warning:  Array to string conversion in C:\xampp\htdocs\volt\app\public\wp-includes\formatting.php on line 1096
[03-Nov-2025 09:46:42 UTC] PHP Warning:  Array to string conversion in C:\xampp\htdocs\volt\app\public\wp-includes\formatting.php on line 1096
[03-Nov-2025 09:46:42 UTC] PHP Warning:  Array to string conversion in C:\xampp\htdocs\volt\app\public\wp-includes\formatting.php on line 1096
[03-Nov-2025 09:46:42 UTC] PHP Warning:  Array to string conversion in C:\xampp\htdocs\volt\app\public\wp-includes\formatting.php on line 1096
[03-Nov-2025 09:46:42 UTC] PHP Warning:  Array to string conversion in C:\xampp\htdocs\volt\app\public\wp-includes\formatting.php on line 1096
[03-Nov-2025 09:46:42 UTC] PHP Warning:  Array to string conversion in C:\xampp\htdocs\volt\app\public\wp-includes\formatting.php on line 1096
[03-Nov-2025 09:47:24 UTC] PHP Warning:  Array to string conversion in C:\xampp\htdocs\volt\app\public\wp-includes\formatting.php on line 1096
[03-Nov-2025 09:47:25 UTC] PHP Warning:  Array to string conversion in C:\xampp\htdocs\volt\app\public\wp-includes\formatting.php on line 1096
[03-Nov-2025 09:47:25 UTC] PHP Warning:  Array to string conversion in C:\xampp\htdocs\volt\app\public\wp-includes\formatting.php on line 1096
[03-Nov-2025 09:47:25 UTC] PHP Warning:  Array to string conversion in C:\xampp\htdocs\volt\app\public\wp-includes\formatting.php on line 1096
[03-Nov-2025 09:47:25 UTC] PHP Warning:  Array to string conversion in C:\xampp\htdocs\volt\app\public\wp-includes\formatting.php on line 1096
[03-Nov-2025 09:47:25 UTC] PHP Warning:  Array to string conversion in C:\xampp\htdocs\volt\app\public\wp-includes\formatting.php on line 1096
[03-Nov-2025 09:47:30 UTC] PHP Warning:  Array to string conversion in C:\xampp\htdocs\volt\app\public\wp-includes\formatting.php on line 1096
[03-Nov-2025 09:47:30 UTC] PHP Warning:  Array to string conversion in C:\xampp\htdocs\volt\app\public\wp-includes\formatting.php on line 1096
[03-Nov-2025 09:47:30 UTC] PHP Warning:  Array to string conversion in C:\xampp\htdocs\volt\app\public\wp-includes\formatting.php on line 1096
[03-Nov-2025 09:47:30 UTC] PHP Warning:  Array to string conversion in C:\xampp\htdocs\volt\app\public\wp-includes\formatting.php on line 1096
[03-Nov-2025 09:47:30 UTC] PHP Warning:  Array to string conversion in C:\xampp\htdocs\volt\app\public\wp-includes\formatting.php on line 1096
[03-Nov-2025 09:47:30 UTC] PHP Warning:  Array to string conversion in C:\xampp\htdocs\volt\app\public\wp-includes\formatting.php on line 1096
[03-Nov-2025 09:50:19 UTC] PHP Warning:  Array to string conversion in C:\xampp\htdocs\volt\app\public\wp-includes\formatting.php on line 1096
[03-Nov-2025 09:50:19 UTC] PHP Warning:  Array to string conversion in C:\xampp\htdocs\volt\app\public\wp-includes\formatting.php on line 1096
[03-Nov-2025 09:50:19 UTC] PHP Warning:  Array to string conversion in C:\xampp\htdocs\volt\app\public\wp-includes\formatting.php on line 1096
[03-Nov-2025 09:50:19 UTC] PHP Warning:  Array to string conversion in C:\xampp\htdocs\volt\app\public\wp-includes\formatting.php on line 1096
[03-Nov-2025 09:50:19 UTC] PHP Warning:  Array to string conversion in C:\xampp\htdocs\volt\app\public\wp-includes\formatting.php on line 1096
[03-Nov-2025 09:50:19 UTC] PHP Warning:  Array to string conversion in C:\xampp\htdocs\volt\app\public\wp-includes\formatting.php on line 1096
[03-Nov-2025 09:50:59 UTC] PHP Warning:  Array to string conversion in C:\xampp\htdocs\volt\app\public\wp-includes\formatting.php on line 1096
[03-Nov-2025 09:50:59 UTC] PHP Warning:  Array to string conversion in C:\xampp\htdocs\volt\app\public\wp-includes\formatting.php on line 1096
[03-Nov-2025 09:50:59 UTC] PHP Warning:  Array to string conversion in C:\xampp\htdocs\volt\app\public\wp-includes\formatting.php on line 1096
[03-Nov-2025 09:50:59 UTC] PHP Warning:  Array to string conversion in C:\xampp\htdocs\volt\app\public\wp-includes\formatting.php on line 1096
[03-Nov-2025 09:50:59 UTC] PHP Warning:  Array to string conversion in C:\xampp\htdocs\volt\app\public\wp-includes\formatting.php on line 1096
[03-Nov-2025 09:50:59 UTC] PHP Warning:  Array to string conversion in C:\xampp\htdocs\volt\app\public\wp-includes\formatting.php on line 1096
[03-Nov-2025 09:59:06 UTC] PHP Warning:  Array to string conversion in C:\xampp\htdocs\volt\app\public\wp-includes\formatting.php on line 1096
[03-Nov-2025 09:59:06 UTC] PHP Warning:  Array to string conversion in C:\xampp\htdocs\volt\app\public\wp-includes\formatting.php on line 1096
[03-Nov-2025 09:59:06 UTC] PHP Warning:  Array to string conversion in C:\xampp\htdocs\volt\app\public\wp-includes\formatting.php on line 1096
[03-Nov-2025 09:59:06 UTC] PHP Warning:  Array to string conversion in C:\xampp\htdocs\volt\app\public\wp-includes\formatting.php on line 1096
[03-Nov-2025 09:59:06 UTC] PHP Warning:  Array to string conversion in C:\xampp\htdocs\volt\app\public\wp-includes\formatting.php on line 1096
[03-Nov-2025 09:59:06 UTC] PHP Warning:  Array to string conversion in C:\xampp\htdocs\volt\app\public\wp-includes\formatting.php on line 1096
[03-Nov-2025 09:59:59 UTC] PHP Warning:  Array to string conversion in C:\xampp\htdocs\volt\app\public\wp-includes\formatting.php on line 1096
[03-Nov-2025 09:59:59 UTC] PHP Warning:  Array to string conversion in C:\xampp\htdocs\volt\app\public\wp-includes\formatting.php on line 1096
[03-Nov-2025 09:59:59 UTC] PHP Warning:  Array to string conversion in C:\xampp\htdocs\volt\app\public\wp-includes\formatting.php on line 1096
[03-Nov-2025 09:59:59 UTC] PHP Warning:  Array to string conversion in C:\xampp\htdocs\volt\app\public\wp-includes\formatting.php on line 1096
[03-Nov-2025 09:59:59 UTC] PHP Warning:  Array to string conversion in C:\xampp\htdocs\volt\app\public\wp-includes\formatting.php on line 1096
[03-Nov-2025 09:59:59 UTC] PHP Warning:  Array to string conversion in C:\xampp\htdocs\volt\app\public\wp-includes\formatting.php on line 1096
[03-Nov-2025 10:00:16 UTC] PHP Warning:  Array to string conversion in C:\xampp\htdocs\volt\app\public\wp-includes\formatting.php on line 1096
[03-Nov-2025 10:00:16 UTC] PHP Warning:  Array to string conversion in C:\xampp\htdocs\volt\app\public\wp-includes\formatting.php on line 1096
[03-Nov-2025 10:00:16 UTC] PHP Warning:  Array to string conversion in C:\xampp\htdocs\volt\app\public\wp-includes\formatting.php on line 1096
[03-Nov-2025 10:00:16 UTC] PHP Warning:  Array to string conversion in C:\xampp\htdocs\volt\app\public\wp-includes\formatting.php on line 1096
[03-Nov-2025 10:00:16 UTC] PHP Warning:  Array to string conversion in C:\xampp\htdocs\volt\app\public\wp-includes\formatting.php on line 1096
[03-Nov-2025 10:00:16 UTC] PHP Warning:  Array to string conversion in C:\xampp\htdocs\volt\app\public\wp-includes\formatting.php on line 1096
[03-Nov-2025 10:00:38 UTC] PHP Warning:  Array to string conversion in C:\xampp\htdocs\volt\app\public\wp-includes\formatting.php on line 1096
[03-Nov-2025 10:00:38 UTC] PHP Warning:  Array to string conversion in C:\xampp\htdocs\volt\app\public\wp-includes\formatting.php on line 1096
[03-Nov-2025 10:00:38 UTC] PHP Warning:  Array to string conversion in C:\xampp\htdocs\volt\app\public\wp-includes\formatting.php on line 1096
[03-Nov-2025 10:00:38 UTC] PHP Warning:  Array to string conversion in C:\xampp\htdocs\volt\app\public\wp-includes\formatting.php on line 1096
[03-Nov-2025 10:00:38 UTC] PHP Warning:  Array to string conversion in C:\xampp\htdocs\volt\app\public\wp-includes\formatting.php on line 1096
[03-Nov-2025 10:00:38 UTC] PHP Warning:  Array to string conversion in C:\xampp\htdocs\volt\app\public\wp-includes\formatting.php on line 1096
[03-Nov-2025 10:14:39 UTC] PHP Warning:  foreach() argument must be of type array|object, string given in C:\xampp\htdocs\volt\app\public\wp-content\themes\volt-elementor\page-recipe-detail.php on line 59
[03-Nov-2025 10:18:22 UTC] PHP Warning:  Undefined variable $category in C:\xampp\htdocs\volt\app\public\wp-content\themes\volt-elementor\page-recipe-detail.php on line 59
[03-Nov-2025 10:18:22 UTC] PHP Warning:  Undefined variable $extrainfo in C:\xampp\htdocs\volt\app\public\wp-content\themes\volt-elementor\page-recipe-detail.php on line 61
[12-Nov-2025 08:37:14 UTC] WordPress database error Table 'volt.wp_posts' doesn't exist for query SELECT   wp_posts.ID
					 FROM wp_posts  INNER JOIN wp_postmeta ON ( wp_posts.ID = wp_postmeta.post_id )
					 WHERE 1=1  AND ( 
  ( wp_postmeta.meta_key = '_elementor_template_type' AND wp_postmeta.meta_value = 'landing-page' )
) AND wp_posts.post_type = 'e-landing-page' AND ((wp_posts.post_status <> 'trash' AND wp_posts.post_status <> 'auto-draft'))
					 GROUP BY wp_posts.ID
					 ORDER BY wp_posts.post_date DESC
					 LIMIT 0, 1 made by require_once('wp-load.php'), require_once('wp-config.php'), require_once('wp-settings.php'), do_action('init'), WP_Hook->do_action, WP_Hook->apply_filters, Elementor\Plugin->init, Elementor\Plugin->init_components, Elementor\Core\Modules_Manager->__construct, Elementor\Core\Base\Module::instance, Elementor\Modules\LandingPages\Module->__construct, Elementor\Modules\LandingPages\Module->should_activate_landing_pages, Elementor\Modules\LandingPages\Module->has_landing_pages, WP_Query->__construct, WP_Query->query, WP_Query->get_posts
[12-Nov-2025 08:37:14 UTC] WordPress database error Table 'volt.wp_options' doesn't exist for query SELECT option_value FROM wp_options WHERE option_name = 'elementor_experiment-e_pro_free_trial_popup' LIMIT 1 made by require_once('wp-load.php'), require_once('wp-config.php'), require_once('wp-settings.php'), do_action('init'), WP_Hook->do_action, WP_Hook->apply_filters, Elementor\Plugin->init, Elementor\Plugin->init_components, Elementor\Core\Modules_Manager->__construct, Elementor\Core\Experiments\Manager->add_feature, Elementor\Core\Experiments\Manager->get_saved_feature_state, get_option
[12-Nov-2025 08:37:14 UTC] WordPress database error Table 'volt.wp_options' doesn't exist for query SELECT option_value FROM wp_options WHERE option_name = 'elementor_experiment-pages_panel' LIMIT 1 made by require_once('wp-load.php'), require_once('wp-config.php'), require_once('wp-settings.php'), do_action('init'), WP_Hook->do_action, WP_Hook->apply_filters, Elementor\Plugin->init, Elementor\Plugin->init_components, Elementor\Core\Modules_Manager->__construct, Elementor\Core\Base\Module::instance, Elementor\Modules\SiteNavigation\Module->__construct, Elementor\Modules\SiteNavigation\Module->register_pages_panel_experiment, Elementor\Core\Experiments\Manager->add_feature, Elementor\Core\Experiments\Manager->get_saved_feature_state, get_option
[12-Nov-2025 08:37:14 UTC] WordPress database error Table 'volt.wp_options' doesn't exist for query SELECT option_value FROM wp_options WHERE option_name = 'elementor_experiment-home_screen' LIMIT 1 made by require_once('wp-load.php'), require_once('wp-config.php'), require_once('wp-settings.php'), do_action('init'), WP_Hook->do_action, WP_Hook->apply_filters, Elementor\Plugin->init, Elementor\Plugin->init_components, Elementor\Core\Modules_Manager->__construct, Elementor\Core\Experiments\Manager->add_feature, Elementor\Core\Experiments\Manager->get_saved_feature_state, get_option
[12-Nov-2025 08:37:14 UTC] WordPress database error Table 'volt.wp_options' doesn't exist for query SELECT option_value FROM wp_options WHERE option_name = 'elementor_experiment-e_atomic_elements' LIMIT 1 made by require_once('wp-load.php'), require_once('wp-config.php'), require_once('wp-settings.php'), do_action('init'), WP_Hook->do_action, WP_Hook->apply_filters, Elementor\Plugin->init, Elementor\Plugin->init_components, Elementor\Core\Modules_Manager->__construct, Elementor\Core\Experiments\Manager->add_feature, Elementor\Core\Experiments\Manager->get_saved_feature_state, get_option
[12-Nov-2025 08:37:14 UTC] WordPress database error Table 'volt.wp_options' doesn't exist for query SELECT option_value FROM wp_options WHERE option_name = 'elementor_experiment-e_classes' LIMIT 1 made by require_once('wp-load.php'), require_once('wp-config.php'), require_once('wp-settings.php'), do_action('init'), WP_Hook->do_action, WP_Hook->apply_filters, Elementor\Plugin->init, Elementor\Plugin->init_components, Elementor\Core\Modules_Manager->__construct, Elementor\Core\Base\Module::instance, Elementor\Modules\GlobalClasses\Module->__construct, Elementor\Modules\GlobalClasses\Module->register_features, Elementor\Core\Experiments\Manager->add_feature, Elementor\Core\Experiments\Manager->get_saved_feature_state, get_option
[12-Nov-2025 08:37:14 UTC] WordPress database error Table 'volt.wp_options' doesn't exist for query SELECT option_value FROM wp_options WHERE option_name = 'elementor_experiment-global_classes_should_enforce_capabilities' LIMIT 1 made by require_once('wp-load.php'), require_once('wp-config.php'), require_once('wp-settings.php'), do_action('init'), WP_Hook->do_action, WP_Hook->apply_filters, Elementor\Plugin->init, Elementor\Plugin->init_components, Elementor\Core\Modules_Manager->__construct, Elementor\Core\Base\Module::instance, Elementor\Modules\GlobalClasses\Module->__construct, Elementor\Modules\GlobalClasses\Module->register_features, Elementor\Core\Experiments\Manager->add_feature, Elementor\Core\Experiments\Manager->get_saved_feature_state, get_option
[12-Nov-2025 08:37:14 UTC] WordPress database error Table 'volt.wp_options' doesn't exist for query SELECT option_value FROM wp_options WHERE option_name = 'elementor_experiment-e_variables' LIMIT 1 made by require_once('wp-load.php'), require_once('wp-config.php'), require_once('wp-settings.php'), do_action('init'), WP_Hook->do_action, WP_Hook->apply_filters, Elementor\Plugin->init, Elementor\Plugin->init_components, Elementor\Core\Modules_Manager->__construct, Elementor\Core\Experiments\Manager->add_feature, Elementor\Core\Experiments\Manager->get_saved_feature_state, get_option
[12-Nov-2025 08:37:14 UTC] WordPress database error Table 'volt.wp_posts' doesn't exist for query SELECT * FROM wp_posts WHERE ID = 98 LIMIT 1 made by require_once('wp-load.php'), require_once('wp-config.php'), require_once('wp-settings.php'), do_action('init'), WP_Hook->do_action, WP_Hook->apply_filters, Elementor\Plugin->init, Elementor\Plugin->init_components, Elementor\Core\Modules_Manager->__construct, Elementor\Core\Base\Module::instance, Elementor\Modules\Checklist\Module->__construct, Elementor\Modules\Checklist\Module->handle_checklist_visibility_with_kit, Elementor\Modules\Checklist\Module->should_switch_preferences_off, Elementor\Core\Isolation\Elementor_Adapter->is_active_kit_default, get_post, WP_Post::get_instance
[12-Nov-2025 08:37:14 UTC] PHP Warning:  Attempt to read property "post_title" on null in C:\xampp\htdocs\volt\app\public\wp-content\plugins\elementor\core\isolation\elementor-adapter.php on line 28
[12-Nov-2025 08:37:14 UTC] WordPress database error Table 'volt.wp_options' doesn't exist for query SELECT option_value FROM wp_options WHERE option_name = 'elementor_experiment-e_opt_in_v4_page' LIMIT 1 made by require_once('wp-load.php'), require_once('wp-config.php'), require_once('wp-settings.php'), do_action('init'), WP_Hook->do_action, WP_Hook->apply_filters, Elementor\Plugin->init, Elementor\Plugin->init_components, Elementor\Core\Modules_Manager->__construct, Elementor\Core\Experiments\Manager->add_feature, Elementor\Core\Experiments\Manager->get_saved_feature_state, get_option
[12-Nov-2025 08:37:14 UTC] WordPress database error Table 'volt.wp_options' doesn't exist for query SELECT option_value FROM wp_options WHERE option_name = 'elementor_experiment-e_opt_in_v4' LIMIT 1 made by require_once('wp-load.php'), require_once('wp-config.php'), require_once('wp-settings.php'), do_action('init'), WP_Hook->do_action, WP_Hook->apply_filters, Elementor\Plugin->init, Elementor\Plugin->init_components, Elementor\Core\Modules_Manager->__construct, Elementor\Core\Base\Module::instance, Elementor\Modules\AtomicOptIn\Module->__construct, Elementor\Modules\AtomicWidgets\Opt_In->init, Elementor\Modules\AtomicWidgets\Opt_In->register_feature, Elementor\Core\Experiments\Manager->add_feature, Elementor\Core\Experiments\Manager->get_saved_feature_state, get_option
[12-Nov-2025 08:37:14 UTC] WordPress database error Table 'volt.wp_options' doesn't exist for query SELECT option_value FROM wp_options WHERE option_name = 'elementor_experiment-e_components' LIMIT 1 made by require_once('wp-load.php'), require_once('wp-config.php'), require_once('wp-settings.php'), do_action('init'), WP_Hook->do_action, WP_Hook->apply_filters, Elementor\Plugin->init, Elementor\Plugin->init_components, Elementor\Core\Modules_Manager->__construct, Elementor\Core\Experiments\Manager->add_feature, Elementor\Core\Experiments\Manager->get_saved_feature_state, get_option
[12-Nov-2025 08:37:14 UTC] WordPress database error Table 'volt.wp_options' doesn't exist for query SELECT option_value FROM wp_options WHERE option_name = 'elementor_elementor_updater_completed' LIMIT 1 made by require_once('wp-load.php'), require_once('wp-config.php'), require_once('wp-settings.php'), do_action('init'), WP_Hook->do_action, WP_Hook->apply_filters, Elementor\Plugin->init, Elementor\Plugin->init_components, Elementor\Core\Base\DB_Upgrades_Manager->__construct, Elementor\Core\Base\Background_Task_Manager->get_flag, get_option
[12-Nov-2025 08:37:14 UTC] WordPress database error Table 'volt.wp_options' doesn't exist for query 
			SELECT COUNT(*)
			FROM wp_options
			WHERE option_name LIKE 'elementor\\_1\\_custom\\_task\\_manger\\_batch\\_%'
		 made by require_once('wp-load.php'), require_once('wp-config.php'), require_once('wp-settings.php'), do_action('init'), WP_Hook->do_action, WP_Hook->apply_filters, Elementor\Plugin->init, Elementor\Plugin->init_components, Elementor\Core\Upgrade\Custom_Tasks_Manager->__construct, Elementor\Core\Base\Background_Task->is_running, Elementor\Core\Base\BackgroundProcess\WP_Background_Process->is_queue_empty
[12-Nov-2025 08:37:14 UTC] WordPress database error Table 'volt.wp_options' doesn't exist for query SELECT option_value FROM wp_options WHERE option_name = 'elementor_custom_tasks' LIMIT 1 made by require_once('wp-load.php'), require_once('wp-config.php'), require_once('wp-settings.php'), do_action('init'), WP_Hook->do_action, WP_Hook->apply_filters, Elementor\Plugin->init, Elementor\Plugin->init_components, Elementor\Core\Upgrade\Custom_Tasks_Manager->__construct, Elementor\Core\Upgrade\Custom_Tasks_Manager->start_run, Elementor\Core\Upgrade\Custom_Tasks_Manager->get_custom_tasks, Elementor\Core\Upgrade\Custom_Tasks_Manager->get_tasks_requested_to_run, get_option
[12-Nov-2025 08:37:14 UTC] WordPress database error Table 'volt.wp_options' doesn't exist for query SELECT option_value FROM wp_options WHERE option_name = 'elementor_import_sessions' LIMIT 1 made by require_once('wp-load.php'), require_once('wp-config.php'), require_once('wp-settings.php'), do_action('init'), WP_Hook->do_action, WP_Hook->apply_filters, Elementor\Plugin->init, Elementor\Plugin->init_components, Elementor\App\App->__construct, Elementor\App\Modules\ImportExport\Module->__construct, Elementor\App\Modules\ImportExport\Processes\Revert->__construct, Elementor\App\Modules\ImportExport\Processes\Revert::get_import_sessions, Elementor\App\Modules\ImportExport\Utils::get_import_sessions, get_option
[12-Nov-2025 08:37:14 UTC] WordPress database error Table 'volt.wp_options' doesn't exist for query SELECT option_value FROM wp_options WHERE option_name = 'elementor_revert_sessions' LIMIT 1 made by require_once('wp-load.php'), require_once('wp-config.php'), require_once('wp-settings.php'), do_action('init'), WP_Hook->do_action, WP_Hook->apply_filters, Elementor\Plugin->init, Elementor\Plugin->init_components, Elementor\App\App->__construct, Elementor\App\Modules\ImportExport\Module->__construct, Elementor\App\Modules\ImportExport\Processes\Revert->__construct, Elementor\App\Modules\ImportExport\Processes\Revert::get_revert_sessions, get_option
[12-Nov-2025 08:37:14 UTC] WordPress database error Unknown database 'volt' for query SHOW TABLES LIKE 'wp\\_e\\_events' made by require_once('wp-load.php'), require_once('wp-config.php'), require_once('wp-settings.php'), do_action('init'), WP_Hook->do_action, WP_Hook->apply_filters, Elementor\Plugin->init, Elementor\Plugin->init_components, Elementor\Core\Admin\Admin->__construct, Elementor\Plugin->init_common, Elementor\Core\Common\App->init_components, Elementor\Core\Common\Modules\EventTracker\Module->__construct, Elementor\Core\Common\Modules\EventTracker\DB->__construct
[12-Nov-2025 08:37:14 UTC] WordPress database error Unknown database 'volt' for query CREATE TABLE `wp_e_events` (
			id bigint(20) unsigned auto_increment primary key,
			event_data text null,
			created_at datetime not null
		) DEFAULT CHARACTER SET utf8mb4 COLLATE utf8mb4_unicode_520_ci; made by require_once('wp-load.php'), require_once('wp-config.php'), require_once('wp-settings.php'), do_action('init'), WP_Hook->do_action, WP_Hook->apply_filters, Elementor\Plugin->init, Elementor\Plugin->init_components, Elementor\Core\Admin\Admin->__construct, Elementor\Plugin->init_common, Elementor\Core\Common\App->init_components, Elementor\Core\Common\Modules\EventTracker\Module->__construct, Elementor\Core\Common\Modules\EventTracker\DB->__construct, Elementor\Core\Common\Modules\EventTracker\DB->create_table
[12-Nov-2025 08:37:14 UTC] WordPress database error Unknown database 'volt' for query SHOW TABLES LIKE 'wp\\_e\\_events' made by require_once('wp-load.php'), require_once('wp-config.php'), require_once('wp-settings.php'), do_action('init'), WP_Hook->do_action, WP_Hook->apply_filters, Elementor\Plugin->init, Elementor\Plugin->init_components, Elementor\Core\Admin\Admin->__construct, Elementor\Plugin->init_common, Elementor\Core\Common\App->init_components, Elementor\Core\Common\Modules\EventTracker\Module->__construct, Elementor\Core\Common\Modules\EventTracker\DB->__construct, Elementor\Core\Common\Modules\EventTracker\DB->create_table
[12-Nov-2025 08:37:14 UTC] WordPress database error Table 'volt.wp_e_events' doesn't exist for query ALTER TABLE wp_e_events
    		ADD INDEX `created_at_index` (`created_at`)
		 made by require_once('wp-load.php'), require_once('wp-config.php'), require_once('wp-settings.php'), do_action('init'), WP_Hook->do_action, WP_Hook->apply_filters, Elementor\Plugin->init, Elementor\Plugin->init_components, Elementor\Core\Admin\Admin->__construct, Elementor\Plugin->init_common, Elementor\Core\Common\App->init_components, Elementor\Core\Common\Modules\EventTracker\Module->__construct, Elementor\Core\Common\Modules\EventTracker\DB->__construct, Elementor\Core\Common\Modules\EventTracker\DB->add_indexes
[12-Nov-2025 08:37:14 UTC] WordPress database error Table 'volt.wp_options' doesn't exist for query SELECT option_value FROM wp_options WHERE option_name = 'elementor_experiment-editor_events' LIMIT 1 made by require_once('wp-load.php'), require_once('wp-config.php'), require_once('wp-settings.php'), do_action('init'), WP_Hook->do_action, WP_Hook->apply_filters, Elementor\Plugin->init, Elementor\Plugin->init_components, Elementor\Core\Admin\Admin->__construct, Elementor\Plugin->init_common, Elementor\Core\Common\App->init_components, Elementor\Core\Experiments\Manager->add_feature, Elementor\Core\Experiments\Manager->get_saved_feature_state, get_option
[12-Nov-2025 08:37:14 UTC] WordPress database error Table 'volt.wp_options' doesn't exist for query SELECT option_value FROM wp_options WHERE option_name = 'elementor_beta' LIMIT 1 made by require_once('wp-load.php'), require_once('wp-config.php'), require_once('wp-settings.php'), do_action('init'), WP_Hook->do_action, WP_Hook->apply_filters, Elementor\Plugin->init, Elementor\Plugin->init_components, Elementor\Beta_Testers->__construct, get_option
[12-Nov-2025 08:37:14 UTC] WordPress database error Table 'volt.wp_posts' doesn't exist for query SELECT   wp_posts.*
					 FROM wp_posts 
					 WHERE 1=1  AND wp_posts.post_type = 'acf-taxonomy' AND ((wp_posts.post_status = 'publish' OR wp_posts.post_status = 'acf-disabled'))
					 
					 ORDER BY wp_posts.menu_order ASC, wp_posts.post_title ASC
					  made by require_once('wp-load.php'), require_once('wp-config.php'), require_once('wp-settings.php'), do_action('init'), WP_Hook->do_action, WP_Hook->apply_filters, ACF->init, do_action('acf/init'), WP_Hook->do_action, WP_Hook->apply_filters, ACF_Taxonomy->register_taxonomies, ACF_Internal_Post_Type->get_posts, ACF_Internal_Post_Type->get_raw_posts, get_posts, WP_Query->query, WP_Query->get_posts
[12-Nov-2025 08:37:14 UTC] WordPress database error Table 'volt.wp_posts' doesn't exist for query SELECT   wp_posts.*
					 FROM wp_posts 
					 WHERE 1=1  AND wp_posts.post_type = 'acf-post-type' AND ((wp_posts.post_status = 'publish' OR wp_posts.post_status = 'acf-disabled'))
					 
					 ORDER BY wp_posts.menu_order ASC, wp_posts.post_title ASC
					  made by require_once('wp-load.php'), require_once('wp-config.php'), require_once('wp-settings.php'), do_action('init'), WP_Hook->do_action, WP_Hook->apply_filters, ACF->init, do_action('acf/init'), WP_Hook->do_action, WP_Hook->apply_filters, ACF_Post_Type->register_post_types, ACF_Internal_Post_Type->get_posts, ACF_Internal_Post_Type->get_raw_posts, get_posts, WP_Query->query, WP_Query->get_posts
[12-Nov-2025 08:37:15 UTC] WordPress database error Table 'volt.wp_options' doesn't exist for query SELECT option_name, option_value FROM wp_options WHERE option_name IN ('_site_transient_wp_theme_files_patterns-f05ae60e077302990b76aa7c187b483c','_site_transient_timeout_wp_theme_files_patterns-f05ae60e077302990b76aa7c187b483c') made by require_once('wp-load.php'), require_once('wp-config.php'), require_once('wp-settings.php'), do_action('init'), WP_Hook->do_action, WP_Hook->apply_filters, _register_theme_block_patterns, WP_Theme->get_block_patterns, WP_Theme->get_pattern_cache, get_site_transient, wp_prime_site_option_caches, wp_prime_network_option_caches, wp_prime_option_caches
[12-Nov-2025 08:37:15 UTC] WordPress database error Table 'volt.wp_options' doesn't exist for query INSERT INTO `wp_options` (`option_name`, `option_value`, `autoload`) VALUES ('_site_transient_timeout_wp_theme_files_patterns-f05ae60e077302990b76aa7c187b483c', '1762938435', 'off') ON DUPLICATE KEY UPDATE `option_name` = VALUES(`option_name`), `option_value` = VALUES(`option_value`), `autoload` = VALUES(`autoload`) made by require_once('wp-load.php'), require_once('wp-config.php'), require_once('wp-settings.php'), do_action('init'), WP_Hook->do_action, WP_Hook->apply_filters, _register_theme_block_patterns, WP_Theme->get_block_patterns, WP_Theme->set_pattern_cache, set_site_transient, add_site_option, add_network_option, add_option
[12-Nov-2025 08:37:15 UTC] WordPress database error Table 'volt.wp_options' doesn't exist for query INSERT INTO `wp_options` (`option_name`, `option_value`, `autoload`) VALUES ('_site_transient_wp_theme_files_patterns-f05ae60e077302990b76aa7c187b483c', 'a:2:{s:7:\"version\";s:3:\"1.0\";s:8:\"patterns\";a:0:{}}', 'off') ON DUPLICATE KEY UPDATE `option_name` = VALUES(`option_name`), `option_value` = VALUES(`option_value`), `autoload` = VALUES(`autoload`) made by require_once('wp-load.php'), require_once('wp-config.php'), require_once('wp-settings.php'), do_action('init'), WP_Hook->do_action, WP_Hook->apply_filters, _register_theme_block_patterns, WP_Theme->get_block_patterns, WP_Theme->set_pattern_cache, set_site_transient, add_site_option, add_network_option, add_option
[12-Nov-2025 08:37:15 UTC] PHP Warning:  Cannot modify header information - headers already sent by (output started at C:\xampp\htdocs\volt\app\public\wp-includes\class-wpdb.php:1851) in C:\xampp\htdocs\volt\app\public\wp-includes\http.php on line 514
[12-Nov-2025 08:37:15 UTC] PHP Warning:  Cannot modify header information - headers already sent by (output started at C:\xampp\htdocs\volt\app\public\wp-includes\class-wpdb.php:1851) in C:\xampp\htdocs\volt\app\public\wp-includes\http.php on line 515
[12-Nov-2025 08:37:15 UTC] PHP Warning:  Cannot modify header information - headers already sent by (output started at C:\xampp\htdocs\volt\app\public\wp-includes\class-wpdb.php:1851) in C:\xampp\htdocs\volt\app\public\wp-admin\admin-ajax.php on line 27
[12-Nov-2025 08:37:15 UTC] PHP Warning:  Cannot modify header information - headers already sent by (output started at C:\xampp\htdocs\volt\app\public\wp-includes\class-wpdb.php:1851) in C:\xampp\htdocs\volt\app\public\wp-admin\admin-ajax.php on line 28
[12-Nov-2025 08:37:15 UTC] PHP Warning:  Cannot modify header information - headers already sent by (output started at C:\xampp\htdocs\volt\app\public\wp-includes\class-wpdb.php:1851) in C:\xampp\htdocs\volt\app\public\wp-includes\functions.php on line 7031
[12-Nov-2025 08:37:15 UTC] PHP Warning:  Cannot modify header information - headers already sent by (output started at C:\xampp\htdocs\volt\app\public\wp-includes\class-wpdb.php:1851) in C:\xampp\htdocs\volt\app\public\wp-includes\functions.php on line 7168
[12-Nov-2025 08:37:15 UTC] PHP Warning:  Cannot modify header information - headers already sent by (output started at C:\xampp\htdocs\volt\app\public\wp-includes\class-wpdb.php:1851) in C:\xampp\htdocs\volt\app\public\wp-includes\functions.php on line 7144
[12-Nov-2025 08:37:15 UTC] WordPress database error Table 'volt.wp_options' doesn't exist for query SELECT option_name, option_value FROM wp_options WHERE option_name IN ('_transient_elementor_activation_redirect','_transient_timeout_elementor_activation_redirect') made by do_action('admin_init'), WP_Hook->do_action, WP_Hook->apply_filters, Elementor\Core\Admin\Admin->maybe_redirect_to_getting_started, get_transient, wp_prime_option_caches
[12-Nov-2025 08:37:15 UTC] WordPress database error Table 'volt.wp_posts' doesn't exist for query SELECT * FROM wp_posts WHERE ID = 3 LIMIT 1 made by do_action('admin_init'), WP_Hook->do_action, WP_Hook->apply_filters, WP_Privacy_Policy_Content::text_change_check, current_user_can, user_can, WP_User->has_cap, map_meta_cap, get_post, WP_Post::get_instance
[12-Nov-2025 08:37:15 UTC] WordPress database error Table 'volt.wp_posts' doesn't exist for query SELECT * FROM wp_posts WHERE ID = 271 LIMIT 1 made by do_action('wp_ajax_heartbeat'), WP_Hook->do_action, WP_Hook->apply_filters, wp_ajax_heartbeat, apply_filters('heartbeat_received'), WP_Hook->apply_filters, Elementor\Heartbeat->heartbeat_received, Elementor\Core\Editor\Editor->get_locked_user, wp_check_post_lock, get_post, WP_Post::get_instance
[12-Nov-2025 08:37:15 UTC] WordPress database error Table 'volt.wp_posts' doesn't exist for query SELECT * FROM wp_posts WHERE ID = 271 LIMIT 1 made by do_action('wp_ajax_heartbeat'), WP_Hook->do_action, WP_Hook->apply_filters, wp_ajax_heartbeat, apply_filters('heartbeat_received'), WP_Hook->apply_filters, Elementor\Heartbeat->heartbeat_received, Elementor\Core\Editor\Editor->lock_post, wp_set_post_lock, get_post, WP_Post::get_instance
[13-Nov-2025 05:53:17 UTC] Automatic updates starting...
[13-Nov-2025 05:53:17 UTC]   Automatic plugin updates starting...
[13-Nov-2025 05:53:17 UTC]   Automatic plugin updates complete.
[13-Nov-2025 05:53:17 UTC] Automatic updates complete.
[13-Nov-2025 07:12:33 UTC] PHP Warning:  mysqli_real_connect(): (HY000/1045): Access denied for user 'vijay'@'localhost' (using password: YES) in C:\xampp\htdocs\volt\app\public\wp-includes\class-wpdb.php on line 1988
[13-Nov-2025 07:13:09 UTC] PHP Warning:  mysqli_real_connect(): (HY000/1045): Access denied for user 'vijay'@'localhost' (using password: YES) in C:\xampp\htdocs\volt\app\public\wp-includes\class-wpdb.php on line 1988
